  SceneManager.cpp
d:\facultate\gameloft\newtrainingframework_2015_remake\newtrainingframework\scenemanager.cpp(49): warning C4244: '=': conversion from 'int' to 'float', possible loss of data
d:\facultate\gameloft\newtrainingframework_2015_remake\newtrainingframework\scenemanager.cpp(50): warning C4244: '=': conversion from 'int' to 'float', possible loss of data
d:\facultate\gameloft\newtrainingframework_2015_remake\newtrainingframework\scenemanager.cpp(51): warning C4244: '=': conversion from 'int' to 'float', possible loss of data
d:\facultate\gameloft\newtrainingframework_2015_remake\newtrainingframework\scenemanager.cpp(115): warning C4244: 'argument': conversion from 'int' to 'GLfloat', possible loss of data
d:\facultate\gameloft\newtrainingframework_2015_remake\newtrainingframework\scenemanager.cpp(116): warning C4244: 'argument': conversion from 'int' to 'GLfloat', possible loss of data
d:\facultate\gameloft\newtrainingframework_2015_remake\newtrainingframework\scenemanager.cpp(117): warning C4244: 'argument': conversion from 'int' to 'GLfloat', possible loss of data
d:\facultate\gameloft\newtrainingframework_2015_remake\newtrainingframework\scenemanager.cpp(119): error C2661: 'Camera::Camera': no overloaded function takes 8 arguments
d:\facultate\gameloft\newtrainingframework_2015_remake\newtrainingframework\scenemanager.cpp(180): warning C4244: '=': conversion from 'double' to 'float', possible loss of data
d:\facultate\gameloft\newtrainingframework_2015_remake\newtrainingframework\scenemanager.cpp(181): warning C4244: '=': conversion from 'double' to 'float', possible loss of data
d:\facultate\gameloft\newtrainingframework_2015_remake\newtrainingframework\scenemanager.cpp(182): warning C4244: '=': conversion from 'double' to 'float', possible loss of data
d:\facultate\gameloft\newtrainingframework_2015_remake\newtrainingframework\scenemanager.cpp(190): warning C4244: '=': conversion from 'double' to 'float', possible loss of data
d:\facultate\gameloft\newtrainingframework_2015_remake\newtrainingframework\scenemanager.cpp(191): warning C4244: '=': conversion from 'double' to 'float', possible loss of data
d:\facultate\gameloft\newtrainingframework_2015_remake\newtrainingframework\scenemanager.cpp(192): warning C4244: '=': conversion from 'double' to 'float', possible loss of data
d:\facultate\gameloft\newtrainingframework_2015_remake\newtrainingframework\scenemanager.cpp(200): warning C4244: '=': conversion from 'double' to 'float', possible loss of data
d:\facultate\gameloft\newtrainingframework_2015_remake\newtrainingframework\scenemanager.cpp(201): warning C4244: '=': conversion from 'double' to 'float', possible loss of data
d:\facultate\gameloft\newtrainingframework_2015_remake\newtrainingframework\scenemanager.cpp(202): warning C4244: '=': conversion from 'double' to 'float', possible loss of data
d:\facultate\gameloft\newtrainingframework_2015_remake\newtrainingframework\scenemanager.cpp(210): warning C4244: '=': conversion from 'double' to 'float', possible loss of data
  NewTrainingFramework.cpp
d:\facultate\gameloft\newtrainingframework_2015_remake\newtrainingframework\newtrainingframework.cpp(21): error C2661: 'Camera::Camera': no overloaded function takes 8 arguments
d:\facultate\gameloft\newtrainingframework_2015_remake\newtrainingframework\newtrainingframework.cpp(46): error C2039: 'getFov': is not a member of 'Camera'
  d:\facultate\gameloft\newtrainingframework_2015_remake\newtrainingframework\camera.h(3): note: see declaration of 'Camera'
d:\facultate\gameloft\newtrainingframework_2015_remake\newtrainingframework\newtrainingframework.cpp(46): error C2039: 'getNearBase': is not a member of 'Camera'
  d:\facultate\gameloft\newtrainingframework_2015_remake\newtrainingframework\camera.h(3): note: see declaration of 'Camera'
d:\facultate\gameloft\newtrainingframework_2015_remake\newtrainingframework\newtrainingframework.cpp(46): error C2039: 'getFarBase': is not a member of 'Camera'
  d:\facultate\gameloft\newtrainingframework_2015_remake\newtrainingframework\camera.h(3): note: see declaration of 'Camera'
d:\facultate\gameloft\newtrainingframework_2015_remake\newtrainingframework\newtrainingframework.cpp(46): error C2660: 'Matrix::SetPerspective': function does not take 2 arguments
d:\facultate\gameloft\newtrainingframework_2015_remake\newtrainingframework\newtrainingframework.cpp(47): error C2039: 'getViewMatrix': is not a member of 'Camera'
  d:\facultate\gameloft\newtrainingframework_2015_remake\newtrainingframework\camera.h(3): note: see declaration of 'Camera'
d:\facultate\gameloft\newtrainingframework_2015_remake\newtrainingframework\newtrainingframework.cpp(109): error C2039: 'setDeltaTime': is not a member of 'Camera'
  d:\facultate\gameloft\newtrainingframework_2015_remake\newtrainingframework\camera.h(3): note: see declaration of 'Camera'
d:\facultate\gameloft\newtrainingframework_2015_remake\newtrainingframework\newtrainingframework.cpp(124): error C2039: 'moveOz': is not a member of 'Camera'
  d:\facultate\gameloft\newtrainingframework_2015_remake\newtrainingframework\camera.h(3): note: see declaration of 'Camera'
d:\facultate\gameloft\newtrainingframework_2015_remake\newtrainingframework\newtrainingframework.cpp(127): error C2039: 'moveOz': is not a member of 'Camera'
  d:\facultate\gameloft\newtrainingframework_2015_remake\newtrainingframework\camera.h(3): note: see declaration of 'Camera'
d:\facultate\gameloft\newtrainingframework_2015_remake\newtrainingframework\newtrainingframework.cpp(130): error C2039: 'moveOx': is not a member of 'Camera'
  d:\facultate\gameloft\newtrainingframework_2015_remake\newtrainingframework\camera.h(3): note: see declaration of 'Camera'
d:\facultate\gameloft\newtrainingframework_2015_remake\newtrainingframework\newtrainingframework.cpp(133): error C2039: 'moveOx': is not a member of 'Camera'
  d:\facultate\gameloft\newtrainingframework_2015_remake\newtrainingframework\camera.h(3): note: see declaration of 'Camera'
d:\facultate\gameloft\newtrainingframework_2015_remake\newtrainingframework\newtrainingframework.cpp(136): error C2039: 'rotateOz': is not a member of 'Camera'
  d:\facultate\gameloft\newtrainingframework_2015_remake\newtrainingframework\camera.h(3): note: see declaration of 'Camera'
d:\facultate\gameloft\newtrainingframework_2015_remake\newtrainingframework\newtrainingframework.cpp(139): error C2039: 'rotateOz': is not a member of 'Camera'
  d:\facultate\gameloft\newtrainingframework_2015_remake\newtrainingframework\camera.h(3): note: see declaration of 'Camera'
d:\facultate\gameloft\newtrainingframework_2015_remake\newtrainingframework\newtrainingframework.cpp(142): error C2039: 'rotateOy': is not a member of 'Camera'
  d:\facultate\gameloft\newtrainingframework_2015_remake\newtrainingframework\camera.h(3): note: see declaration of 'Camera'
d:\facultate\gameloft\newtrainingframework_2015_remake\newtrainingframework\newtrainingframework.cpp(145): error C2039: 'rotateOy': is not a member of 'Camera'
  d:\facultate\gameloft\newtrainingframework_2015_remake\newtrainingframework\camera.h(3): note: see declaration of 'Camera'
d:\facultate\gameloft\newtrainingframework_2015_remake\newtrainingframework\newtrainingframework.cpp(148): error C2039: 'rotateOx': is not a member of 'Camera'
  d:\facultate\gameloft\newtrainingframework_2015_remake\newtrainingframework\camera.h(3): note: see declaration of 'Camera'
d:\facultate\gameloft\newtrainingframework_2015_remake\newtrainingframework\newtrainingframework.cpp(151): error C2039: 'rotateOx': is not a member of 'Camera'
  d:\facultate\gameloft\newtrainingframework_2015_remake\newtrainingframework\camera.h(3): note: see declaration of 'Camera'
  Generating Code...
